[batch-reparse] START corinne.aparis@gmail.com 2026-06-17T18:12:42Z
[reparse-assigned-report] Extraction learning context prepared {
  reportId: '193e1c97-df34-49e7-b034-7f228ece00d5',
  status: 'active',
  reason: null,
  trainingSamples: 4,
  hints: 6
}
[reparse-assigned-report] local raw-text-first extraction disabled by default. Using layout-html -> agentic OCR parser path first.
[parsePdf] Starting agentic OCR parsing pipeline for new report...
[parsePdf] Extraction learning context status before extraction. {
  modelVersion: 'identity-priors-v1',
  status: 'active',
  reason: null,
  generatedAt: '2026-06-17T18:12:43.952Z',
  scannedRowCount: 5,
  trainingSampleCount: 4,
  hintCount: 6
}
[parsePdf] Canonical RAG status before extraction. {
  enabled: true,
  available: false,
  reason: 'no_document_text',
  source: 'uploaded_report_text',
  sourcePath: null,
  queryTokenCount: 0,
  retrievedChunkCount: 0,
  retrievedChars: 0
}
[parsePdf] Stage 1 layout extraction completed. {
  sourceFileName: 'iEQ9-Corinne-Aparis-PRO-UPDATED.pdf',
  source: 'layout_html_markdown',
  tableFormat: 'html',
  structuredChars: 115768,
  pythonBin: '/Users/brussell/Downloads/Code/enneagram-main/.venv/bin/python3'
}
[parsePdf] Using Stage 1 layout-aware extraction output for parsing. {
  pages: 1,
  chars: 115768,
  sourceFileName: 'iEQ9-Corinne-Aparis-PRO-UPDATED.pdf',
  parserVersion: 'attached-agentic-ocr-v1'
}
[parsePdf] Running agentic OCR repair stage. {
  rawChars: 115768,
  sourceFileName: 'iEQ9-Corinne-Aparis-PRO-UPDATED.pdf'
}
[parsePdf] Agentic OCR repair stage completed. {
  repairedChars: 115785,
  normalizedChanged: true,
  sourceFileName: 'iEQ9-Corinne-Aparis-PRO-UPDATED.pdf'
}
[parsePdf] Stage 2 agentic OCR repair completed. {
  pages: 1,
  repairedChars: 115785,
  sourceFileName: 'iEQ9-Corinne-Aparis-PRO-UPDATED.pdf',
  parserVersion: 'attached-agentic-ocr-v1'
}
[parsePdf] In-document RAG context retrieved. {
  source: 'uploaded_report_text',
  queryTokenCount: 96,
  retrievedChunkCount: 4,
  retrievedChars: 4868,
  keywords: [
    'strain profile',
    'instinct',
    'dominant instinct',
    'main type',
    'level of integration',
    'core motivation',
    'core fear',
    'centers of expression'
  ]
}
[parsePdf] Canonical RAG context refreshed from repaired HTML. {
  enabled: true,
  available: true,
  reason: null,
  source: 'uploaded_report_text',
  sourcePath: null,
  queryTokenCount: 96,
  retrievedChunkCount: 4,
  retrievedChars: 4868
}
